<?xml version="1.0" encoding="UTF-8"?>
<testsuite xmlns:xsi="http://www.w3.org/2001/XMLSchema-instance" xsi:noNamespaceSchemaLocation="https://maven.apache.org/surefire/maven-surefire-plugin/xsd/surefire-test-report.xsd" name="com.test.MultiTest" time="63.552" tests="2" errors="0" skipped="0" failures="0">
  <properties>
[...]
</properties>
  <testcase name="SelectDropdown" classname="com.test.MultiTest" time="3.346"/>
  <testcase name="AdvanceDropdown" classname="com.test.MultiTest" time="29.204"/>
</testsuite>