<?xml version="1.0" encoding="UTF-8"?>
<testng-results ignored="0" total="2" passed="2" failed="0" skipped="0">
  <reporter-output>
  </reporter-output>
  <suite started-at="2021-02-01T13:18:12 PST" name="Surefire suite" finished-at="2021-02-01T13:19:14 PST" duration-ms="62054">
    <groups>
    </groups>
    <test started-at="2021-02-01T13:18:12 PST" name="Surefire test" finished-at="2021-02-01T13:19:14 PST" duration-ms="62054">
      <class name="com.test.MultiTest">
        <test-method is-config="true" signature="initalization()[pri:0, instance:com.test.MultiTest@4c583ecf]" started-at="2021-02-01T13:18:12 PST" name="initalization" finished-at="2021-02-01T13:18:40 PST" duration-ms="28509" status="PASS">
          <reporter-output>
          </reporter-output>
        </test-method> <!-- initalization -->
        <test-method signature="SelectDropdown()[pri:1, instance:com.test.MultiTest@4c583ecf]" started-at="2021-02-01T13:18:40 PST" name="SelectDropdown" finished-at="2021-02-01T13:18:44 PST" duration-ms="3328" status="PASS">
          <reporter-output>
          </reporter-output>
        </test-method> <!-- SelectDropdown -->
        <test-method signature="AdvanceDropdown()[pri:2, instance:com.test.MultiTest@4c583ecf]" started-at="2021-02-01T13:18:44 PST" name="AdvanceDropdown" finished-at="2021-02-01T13:19:13 PST" duration-ms="29220" status="PASS">
          <reporter-output>
          </reporter-output>
        </test-method> <!-- AdvanceDropdown -->
        <test-method is-config="true" signature="cleanup()[pri:0, instance:com.test.MultiTest@4c583ecf]" started-at="2021-02-01T13:19:13 PST" name="cleanup" finished-at="2021-02-01T13:19:14 PST" duration-ms="768" status="PASS">
          <reporter-output>
          </reporter-output>
        </test-method> <!-- cleanup -->
      </class> <!-- com.test.MultiTest -->
    </test> <!-- Surefire test -->
  </suite> <!-- Surefire suite -->
</testng-results>
